<?xml version="1.0" encoding="UTF-8"?>
<testng-results skipped="0" failed="0" ignored="0" total="2" passed="2">
  <reporter-output>
  </reporter-output>
  <suite name="Default suite" duration-ms="11875" started-at="2023-03-12T06:08:19Z" finished-at="2023-03-12T06:08:31Z">
    <groups>
    </groups>
    <test name="Default test" duration-ms="11875" started-at="2023-03-12T06:08:19Z" finished-at="2023-03-12T06:08:31Z">
      <class name="test.LoginPageTest">
        <test-method status="PASS" signature="setUp()[pri:0, instance:test.LoginPageTest@1d548a08]" name="setUp" is-config="true" duration-ms="3287" started-at="2023-03-12T06:08:19Z" finished-at="2023-03-12T06:08:22Z">
          <reporter-output>
          </reporter-output>
        </test-method> <!-- setUp -->
        <test-method status="PASS" signature="loginTest()[pri:0, instance:test.LoginPageTest@1d548a08]" name="loginTest" duration-ms="2467" started-at="2023-03-12T06:08:22Z" finished-at="2023-03-12T06:08:25Z">
          <reporter-output>
          </reporter-output>
        </test-method> <!-- loginTest -->
        <test-method status="PASS" signature="tearDown()[pri:0, instance:test.LoginPageTest@1d548a08]" name="tearDown" is-config="true" duration-ms="829" started-at="2023-03-12T06:08:25Z" finished-at="2023-03-12T06:08:26Z">
          <reporter-output>
          </reporter-output>
        </test-method> <!-- tearDown -->
        <test-method status="PASS" signature="setUp()[pri:0, instance:test.LoginPageTest@1d548a08]" name="setUp" is-config="true" duration-ms="2046" started-at="2023-03-12T06:08:26Z" finished-at="2023-03-12T06:08:28Z">
          <reporter-output>
          </reporter-output>
        </test-method> <!-- setUp -->
        <test-method status="PASS" signature="pageTitleTest()[pri:0, instance:test.LoginPageTest@1d548a08]" name="pageTitleTest" duration-ms="2398" started-at="2023-03-12T06:08:28Z" finished-at="2023-03-12T06:08:30Z">
          <reporter-output>
          </reporter-output>
        </test-method> <!-- pageTitleTest -->
        <test-method status="PASS" signature="tearDown()[pri:0, instance:test.LoginPageTest@1d548a08]" name="tearDown" is-config="true" duration-ms="805" started-at="2023-03-12T06:08:30Z" finished-at="2023-03-12T06:08:31Z">
          <reporter-output>
          </reporter-output>
        </test-method> <!-- tearDown -->
      </class> <!-- test.LoginPageTest -->
    </test> <!-- Default test -->
  </suite> <!-- Default suite -->
</testng-results>
